[2015-02-15 14:23:08:901] DebugEventProcessor - started event processor thread
[2015-02-15 14:23:18:690] DebugEventProcessor - Running
[2015-02-15 14:23:18:722] DebugEventProcessor - Stopped rvmHookWaitForAttach (hooks.c:38), reason: eStopReasonBreakpoint, interrupted: false
[2015-02-15 14:23:18:726] DebugEventProcessor - stop reason data=1
Stacktrace:
rvmHookWaitForAttach, hooks.c:38
rvmHookWaitForAttach, hooks.c:42
rvmStartup, null:0
main, null:0
start, null:0
start, null:0

[2015-02-15 14:23:18:726] DebugEventProcessor - #stop reasons != none: 1
[2015-02-15 14:23:18:745] Debugger - attached to application /Users/stef/Documents/workspace/.metadata/.plugins/org.robovm.eclipse.ui/build/dbash-ios/ipad/ios/x86_64/IOSLauncher, pid=12861
[2015-02-15 14:23:18:748] Debugger - TCP debug port: 53895
[2015-02-15 14:23:18:749] DebugEventProcessor - resume vote from [attach]
[2015-02-15 14:23:18:749] DebugEventProcessor - vote results: suspension=0 [], resume=1 [attach]
[2015-02-15 14:23:18:749] DebugEventProcessor - resume won, resuming process, state: eStateStopped
[2015-02-15 14:23:18:753] DebugEventProcessor - Running
[2015-02-15 14:23:18:890] DebugEventProcessor - Stopped _rvmHookBeforeMainThreadAttached (hooks.c:51), reason: eStopReasonBreakpoint, interrupted: false
[2015-02-15 14:23:18:891] DebugEventProcessor - stop reason data=2
Stacktrace:
_rvmHookBeforeMainThreadAttached, hooks.c:51
rvmInitThreads, null:0
rvmStartup, null:0
main, null:0
start, null:0
start, null:0

[2015-02-15 14:23:18:891] DebugEventProcessor - #stop reasons != none: 1
[2015-02-15 14:23:18:893] ClassInfoParser - Reading boot classes info
[2015-02-15 14:23:19:594] ClassInfoParser - Took 0.700312
[2015-02-15 14:23:19:594] ClassInfoParser - Reading classes info
[2015-02-15 14:23:20:311] ClassInfoParser - Took 0.717458
[2015-02-15 14:23:20:330] Debugger - Added breakpoint for symbol _rvmHookThreadAttached
[2015-02-15 14:23:20:335] Debugger - Added breakpoint for symbol _rvmHookThreadStarting
[2015-02-15 14:23:20:340] Debugger - Added breakpoint for symbol _rvmHookThreadDetaching
[2015-02-15 14:23:20:352] Debugger - Added breakpoint for symbol _rvmHookBeforeAppEntryPoint
[2015-02-15 14:23:20:352] Debugger - Continuing
[2015-02-15 14:23:20:354] DebugEventProcessor - Running
[2015-02-15 14:23:20:354] JavaThreadObserver - thread states: 
[2015-02-15 14:23:20:473] DebugEventProcessor - Stopped _rvmHookThreadAttached (hooks.c:63), reason: eStopReasonBreakpoint, interrupted: false
[2015-02-15 14:23:20:474] DebugEventProcessor - stop reason data=3
Stacktrace:
_rvmHookThreadAttached, hooks.c:63
attachThread, null:0
rvmInitThreads, null:0
rvmStartup, null:0
main, null:0
start, null:0
start, null:0

[2015-02-15 14:23:20:474] DebugEventProcessor - #stop reasons != none: 1
[2015-02-15 14:23:20:556] JavaThreadObserver - Thread main attached
[2015-02-15 14:23:20:557] JavaThreadObserver - Continuing process, event consumed
[2015-02-15 14:23:20:557] DebugEventProcessor - resume vote from [java thread observer]
[2015-02-15 14:23:20:557] DebugEventProcessor - vote results: suspension=0 [], resume=1 [java thread observer]
[2015-02-15 14:23:20:557] DebugEventProcessor - resume won, resuming process, state: eStateStopped
[2015-02-15 14:23:20:560] DebugEventProcessor - Running
[2015-02-15 14:23:20:561] JavaThreadObserver - thread states: main=running(0), 
[2015-02-15 14:23:20:697] DebugEventProcessor - Stopped _rvmHookThreadStarting (hooks.c:67), reason: eStopReasonBreakpoint, interrupted: false
[2015-02-15 14:23:20:698] DebugEventProcessor - stop reason data=4
Stacktrace:
_rvmHookThreadStarting, hooks.c:67
startThreadEntryPoint, null:0
GC_inner_start_routine, null:0
GC_call_with_stack_base, null:0
GC_start_routine, null:0
_pthread_body, null:0
_pthread_start, null:0
thread_start, null:0

[2015-02-15 14:23:20:698] DebugEventProcessor - #stop reasons != none: 1
[2015-02-15 14:23:20:701] JavaThreadObserver - Thread ReferenceQueueDaemon started
[2015-02-15 14:23:20:701] JavaThreadObserver - Continuing process, event consumed
[2015-02-15 14:23:20:701] DebugEventProcessor - resume vote from [java thread observer]
[2015-02-15 14:23:20:701] DebugEventProcessor - vote results: suspension=0 [], resume=1 [java thread observer]
[2015-02-15 14:23:20:701] DebugEventProcessor - resume won, resuming process, state: eStateStopped
[2015-02-15 14:23:20:704] DebugEventProcessor - Running
[2015-02-15 14:23:20:704] JavaThreadObserver - thread states: main=running(0), ReferenceQueueDaemon=running(0), 
[2015-02-15 14:23:20:708] DebugEventProcessor - Stopped _rvmHookThreadStarting (hooks.c:67), reason: eStopReasonBreakpoint, interrupted: false
[2015-02-15 14:23:20:709] DebugEventProcessor - stop reason data=4
Stacktrace:
_rvmHookThreadStarting, hooks.c:67
startThreadEntryPoint, null:0
GC_inner_start_routine, null:0
GC_call_with_stack_base, null:0
GC_start_routine, null:0
_pthread_body, null:0
_pthread_start, null:0
thread_start, null:0

[2015-02-15 14:23:20:709] DebugEventProcessor - #stop reasons != none: 1
[2015-02-15 14:23:20:712] JavaThreadObserver - Thread FinalizerDaemon started
[2015-02-15 14:23:20:712] JavaThreadObserver - Continuing process, event consumed
[2015-02-15 14:23:20:713] DebugEventProcessor - resume vote from [java thread observer]
[2015-02-15 14:23:20:713] DebugEventProcessor - vote results: suspension=0 [], resume=1 [java thread observer]
[2015-02-15 14:23:20:713] DebugEventProcessor - resume won, resuming process, state: eStateStopped
[2015-02-15 14:23:20:715] DebugEventProcessor - Running
[2015-02-15 14:23:20:716] JavaThreadObserver - thread states: main=running(0), ReferenceQueueDaemon=running(0), FinalizerDaemon=running(0), 
[2015-02-15 14:23:20:719] DebugEventProcessor - Stopped _rvmHookThreadStarting (hooks.c:67), reason: eStopReasonBreakpoint, interrupted: false
[2015-02-15 14:23:20:720] DebugEventProcessor - stop reason data=4
Stacktrace:
_rvmHookThreadStarting, hooks.c:67
startThreadEntryPoint, null:0
GC_inner_start_routine, null:0
GC_call_with_stack_base, null:0
GC_start_routine, null:0
_pthread_body, null:0
_pthread_start, null:0
thread_start, null:0

[2015-02-15 14:23:20:720] DebugEventProcessor - #stop reasons != none: 1
[2015-02-15 14:23:20:723] JavaThreadObserver - Thread FinalizerWatchdogDaemon started
[2015-02-15 14:23:20:723] JavaThreadObserver - Continuing process, event consumed
[2015-02-15 14:23:20:723] DebugEventProcessor - resume vote from [java thread observer]
[2015-02-15 14:23:20:724] DebugEventProcessor - vote results: suspension=0 [], resume=1 [java thread observer]
[2015-02-15 14:23:20:724] DebugEventProcessor - resume won, resuming process, state: eStateStopped
[2015-02-15 14:23:20:726] DebugEventProcessor - Running
[2015-02-15 14:23:20:726] JavaThreadObserver - thread states: main=running(0), ReferenceQueueDaemon=running(0), FinalizerDaemon=running(0), FinalizerWatchdogDaemon=running(0), 
[2015-02-15 14:23:20:730] DebugEventProcessor - Stopped _rvmHookBeforeAppEntryPoint (hooks.c:55), reason: eStopReasonBreakpoint, interrupted: false
[2015-02-15 14:23:20:731] DebugEventProcessor - stop reason data=6
Stacktrace:
_rvmHookBeforeAppEntryPoint, hooks.c:55
rvmRun, null:0
main, null:0
start, null:0
start, null:0

[2015-02-15 14:23:20:731] DebugEventProcessor - #stop reasons != none: 1
[2015-02-15 14:23:20:732] Debugger - Removed breakpoint _rvmHookBeforeAppEntryPoint
[2015-02-15 14:23:20:747] DebugLaunchPlugin - Waiting for the debugger to settle...
[2015-02-15 14:23:20:748] SocketTransport - Listening for transport dt_socket at address: 53879
[2015-02-15 14:23:20:949] DebugLaunchPlugin - Waiting for the debugger to settle...
[2015-02-15 14:23:21:152] DebugLaunchPlugin - Waiting for the debugger to settle...
[2015-02-15 14:23:21:355] JdwpDebugServer - Command: ap(1 7) id = 2 length = 0
[2015-02-15 14:23:21:357] DebugLaunchPlugin - Waiting for the debugger to settle...
[2015-02-15 14:23:21:358] JdwpDebugServer - Command: m(15 1) id = 3 length = 6
[2015-02-15 14:23:21:362] DebugEventProcessor - Executing task do_EventRequest_Set, state: eStateStopped
[2015-02-15 14:23:21:367] LldbVmInterface - Executing task do_EventRequest_Set took: 0.007008secs
[2015-02-15 14:23:21:368] JdwpDebugServer - Command: m(15 1) id = 1 length = 6
[2015-02-15 14:23:21:369] DebugEventProcessor - Executing task do_EventRequest_Set, state: eStateStopped
[2015-02-15 14:23:21:369] LldbVmInterface - Executing task do_EventRequest_Set took: 0.001127secs
[2015-02-15 14:23:21:371] JdwpDebugServer - Command: m(15 1) id = 4 length = 6
[2015-02-15 14:23:21:372] DebugEventProcessor - Executing task do_EventRequest_Set, state: eStateStopped
[2015-02-15 14:23:21:373] LldbVmInterface - Executing task do_EventRequest_Set took: 0.001656secs
[2015-02-15 14:23:21:373] JdwpDebugServer - Command: at(1 1) id = 5 length = 0
[2015-02-15 14:23:21:375] JdwpDebugServer - Command: ag(1 4) id = 6 length = 0
[2015-02-15 14:23:21:378] DebugEventProcessor - Executing task do_VirtualMachine_AllThreads, state: eStateStopped
[2015-02-15 14:23:21:378] LldbVmInterface - Executing task do_VirtualMachine_AllThreads took: 0.001515secs
[2015-02-15 14:23:21:394] JdwpDebugServer - Command: ac(11 5) id = 7 length = 8
[2015-02-15 14:23:21:397] DebugEventProcessor - Executing task do_ThreadReference_ThreadGroup, state: eStateStopped
[2015-02-15 14:23:21:409] LldbVmInterface - Executing task do_ThreadReference_ThreadGroup took: 0.014211secs
[2015-02-15 14:23:21:411] JdwpDebugServer - Command: R(12 1) id = 8 length = 8
[2015-02-15 14:23:21:414] DebugEventProcessor - Executing task do_ThreadGroupReference_Name, state: eStateStopped
[2015-02-15 14:23:21:416] LldbVmInterface - Executing task do_ThreadGroupReference_Name took: 0.003591secs
[2015-02-15 14:23:21:416] JdwpDebugServer - Command: S(12 2) id = 9 length = 8
[2015-02-15 14:23:21:418] DebugEventProcessor - Executing task do_ThreadGroupReference_Parent, state: eStateStopped
[2015-02-15 14:23:21:418] LldbVmInterface - Executing task do_ThreadGroupReference_Parent took: 0.001471secs
[2015-02-15 14:23:21:419] JdwpDebugServer - Command: x(9 1) id = 10 length = 8
[2015-02-15 14:23:21:421] DebugEventProcessor - Executing task do_ObjectReference_ReferenceType, state: eStateStopped
[2015-02-15 14:23:21:421] LldbVmInterface - Executing task do_ObjectReference_ReferenceType took: 0.001842secs
[2015-02-15 14:23:21:434] JdwpDebugServer - Command: C(2 14) id = 11 length = 8
[2015-02-15 14:23:21:436] DebugEventProcessor - Executing task do_ReferenceType_FieldsWithGeneric, state: eStateStopped
[2015-02-15 14:23:21:436] LldbVmInterface - Executing task do_ReferenceType_FieldsWithGeneric took: 0.001027secs
[2015-02-15 14:23:21:439] JdwpDebugServer - Command: E(2 10) id = 12 length = 8
[2015-02-15 14:23:21:441] DebugEventProcessor - Executing task do_ReferenceType_Interfaces, state: eStateStopped
[2015-02-15 14:23:21:442] LldbVmInterface - Executing task do_ReferenceType_Interfaces took: 0.002934secs
[2015-02-15 14:23:21:443] JdwpDebugServer - Command: C(2 14) id = 13 length = 8
[2015-02-15 14:23:21:444] DebugEventProcessor - Executing task do_ReferenceType_FieldsWithGeneric, state: eStateStopped
[2015-02-15 14:23:21:445] LldbVmInterface - Executing task do_ReferenceType_FieldsWithGeneric took: 0.001062secs
[2015-02-15 14:23:21:445] JdwpDebugServer - Command: E(2 10) id = 14 length = 8
[2015-02-15 14:23:21:447] DebugEventProcessor - Executing task do_ReferenceType_Interfaces, state: eStateStopped
[2015-02-15 14:23:21:447] LldbVmInterface - Executing task do_ReferenceType_Interfaces took: 0.002093secs
[2015-02-15 14:23:21:448] JdwpDebugServer - Command: j(3 1) id = 15 length = 8
[2015-02-15 14:23:21:450] DebugEventProcessor - Executing task do_ClassType_Superclass, state: eStateStopped
[2015-02-15 14:23:21:454] LldbVmInterface - Executing task do_ClassType_Superclass took: 0.005662secs
[2015-02-15 14:23:21:455] JdwpDebugServer - Command: C(2 14) id = 16 length = 8
[2015-02-15 14:23:21:457] DebugEventProcessor - Executing task do_ReferenceType_FieldsWithGeneric, state: eStateStopped
[2015-02-15 14:23:21:457] LldbVmInterface - Executing task do_ReferenceType_FieldsWithGeneric took: 0.002032secs
[2015-02-15 14:23:21:457] JdwpDebugServer - Command: E(2 10) id = 17 length = 8
[2015-02-15 14:23:21:459] DebugEventProcessor - Executing task do_ReferenceType_Interfaces, state: eStateStopped
[2015-02-15 14:23:21:460] LldbVmInterface - Executing task do_ReferenceType_Interfaces took: 0.002112secs
[2015-02-15 14:23:21:460] JdwpDebugServer - Command: j(3 1) id = 18 length = 8
[2015-02-15 14:23:21:462] DebugEventProcessor - Executing task do_ClassType_Superclass, state: eStateStopped
[2015-02-15 14:23:21:462] LldbVmInterface - Executing task do_ClassType_Superclass took: 0.002048secs
[2015-02-15 14:23:21:463] JdwpDebugServer - Command: t(9 2) id = 19 length = 20
[2015-02-15 14:23:21:465] DebugEventProcessor - Executing task do_ObjectReference_GetValues, state: eStateStopped
[2015-02-15 14:23:21:465] LldbVmInterface - Executing task do_ObjectReference_GetValues took: 6.16E-4secs
[2015-02-15 14:23:21:467] JdwpDebugServer - Command: Z(11 4) id = 20 length = 8
[2015-02-15 14:23:21:470] DebugEventProcessor - Executing task do_ThreadReference_Status, state: eStateStopped
[2015-02-15 14:23:21:471] LldbVmInterface - Executing task do_ThreadReference_Status took: 0.002974secs
[2015-02-15 14:23:21:471] JdwpDebugServer - Command: Z(11 4) id = 21 length = 8
[2015-02-15 14:23:21:473] DebugEventProcessor - Executing task do_ThreadReference_Status, state: eStateStopped
[2015-02-15 14:23:21:473] LldbVmInterface - Executing task do_ThreadReference_Status took: 0.001918secs
[2015-02-15 14:23:21:474] JdwpDebugServer - Command: ac(11 5) id = 22 length = 8
[2015-02-15 14:23:21:475] DebugEventProcessor - Executing task do_ThreadReference_ThreadGroup, state: eStateStopped
[2015-02-15 14:23:21:476] LldbVmInterface - Executing task do_ThreadReference_ThreadGroup took: 0.001772secs
[2015-02-15 14:23:21:476] JdwpDebugServer - Command: x(9 1) id = 23 length = 8
[2015-02-15 14:23:21:478] DebugEventProcessor - Executing task do_ObjectReference_ReferenceType, state: eStateStopped
[2015-02-15 14:23:21:478] LldbVmInterface - Executing task do_ObjectReference_ReferenceType took: 0.00161secs
[2015-02-15 14:23:21:479] JdwpDebugServer - Command: t(9 2) id = 24 length = 20
[2015-02-15 14:23:21:481] DebugEventProcessor - Executing task do_ObjectReference_GetValues, state: eStateStopped
[2015-02-15 14:23:21:481] LldbVmInterface - Executing task do_ObjectReference_GetValues took: 0.002006secs
[2015-02-15 14:23:21:482] JdwpDebugServer - Command: Z(11 4) id = 25 length = 8
[2015-02-15 14:23:21:483] DebugEventProcessor - Executing task do_ThreadReference_Status, state: eStateStopped
[2015-02-15 14:23:21:484] LldbVmInterface - Executing task do_ThreadReference_Status took: 0.002016secs
[2015-02-15 14:23:21:484] JdwpDebugServer - Command: Z(11 4) id = 26 length = 8
[2015-02-15 14:23:21:486] DebugEventProcessor - Executing task do_ThreadReference_Status, state: eStateStopped
[2015-02-15 14:23:21:487] LldbVmInterface - Executing task do_ThreadReference_Status took: 0.001855secs
[2015-02-15 14:23:21:487] JdwpDebugServer - Command: ac(11 5) id = 27 length = 8
[2015-02-15 14:23:21:489] DebugEventProcessor - Executing task do_ThreadReference_ThreadGroup, state: eStateStopped
[2015-02-15 14:23:21:490] LldbVmInterface - Executing task do_ThreadReference_ThreadGroup took: 0.002482secs
[2015-02-15 14:23:21:490] JdwpDebugServer - Command: x(9 1) id = 28 length = 8
[2015-02-15 14:23:21:492] DebugEventProcessor - Executing task do_ObjectReference_ReferenceType, state: eStateStopped
[2015-02-15 14:23:21:493] LldbVmInterface - Executing task do_ObjectReference_ReferenceType took: 0.002325secs
[2015-02-15 14:23:21:493] JdwpDebugServer - Command: t(9 2) id = 29 length = 20
[2015-02-15 14:23:21:495] DebugEventProcessor - Executing task do_ObjectReference_GetValues, state: eStateStopped
[2015-02-15 14:23:21:495] LldbVmInterface - Executing task do_ObjectReference_GetValues took: 0.002121secs
[2015-02-15 14:23:21:496] JdwpDebugServer - Command: Z(11 4) id = 30 length = 8
[2015-02-15 14:23:21:498] DebugEventProcessor - Executing task do_ThreadReference_Status, state: eStateStopped
[2015-02-15 14:23:21:498] LldbVmInterface - Executing task do_ThreadReference_Status took: 0.002101secs
[2015-02-15 14:23:21:498] JdwpDebugServer - Command: Z(11 4) id = 31 length = 8
[2015-02-15 14:23:21:500] DebugEventProcessor - Executing task do_ThreadReference_Status, state: eStateStopped
[2015-02-15 14:23:21:501] LldbVmInterface - Executing task do_ThreadReference_Status took: 0.002136secs
[2015-02-15 14:23:21:501] JdwpDebugServer - Command: ac(11 5) id = 32 length = 8
[2015-02-15 14:23:21:503] DebugEventProcessor - Executing task do_ThreadReference_ThreadGroup, state: eStateStopped
[2015-02-15 14:23:21:504] LldbVmInterface - Executing task do_ThreadReference_ThreadGroup took: 0.002202secs
[2015-02-15 14:23:21:504] JdwpDebugServer - Command: x(9 1) id = 33 length = 8
[2015-02-15 14:23:21:506] DebugEventProcessor - Executing task do_ObjectReference_ReferenceType, state: eStateStopped
[2015-02-15 14:23:21:506] LldbVmInterface - Executing task do_ObjectReference_ReferenceType took: 0.002199secs
[2015-02-15 14:23:21:507] JdwpDebugServer - Command: t(9 2) id = 34 length = 20
[2015-02-15 14:23:21:508] DebugEventProcessor - Executing task do_ObjectReference_GetValues, state: eStateStopped
[2015-02-15 14:23:21:509] LldbVmInterface - Executing task do_ObjectReference_GetValues took: 0.001657secs
[2015-02-15 14:23:21:509] JdwpDebugServer - Command: Z(11 4) id = 35 length = 8
[2015-02-15 14:23:21:511] DebugEventProcessor - Executing task do_ThreadReference_Status, state: eStateStopped
[2015-02-15 14:23:21:511] LldbVmInterface - Executing task do_ThreadReference_Status took: 0.002021secs
[2015-02-15 14:23:21:512] JdwpDebugServer - Command: Z(11 4) id = 36 length = 8
[2015-02-15 14:23:21:514] DebugEventProcessor - Executing task do_ThreadReference_Status, state: eStateStopped
[2015-02-15 14:23:21:514] LldbVmInterface - Executing task do_ThreadReference_Status took: 0.002145secs
[2015-02-15 14:23:21:518] JdwpDebugServer - Command: m(15 1) id = 37 length = 41
[2015-02-15 14:23:21:520] DebugEventProcessor - Executing task do_EventRequest_Set, state: eStateStopped
[2015-02-15 14:23:21:521] LldbVmInterface - Executing task do_EventRequest_Set took: 0.001009secs
[2015-02-15 14:23:21:521] JdwpDebugServer - Command: m(15 1) id = 38 length = 43
[2015-02-15 14:23:21:523] DebugEventProcessor - Executing task do_EventRequest_Set, state: eStateStopped
[2015-02-15 14:23:21:523] LldbVmInterface - Executing task do_EventRequest_Set took: 0.001546secs
[2015-02-15 14:23:21:524] JdwpDebugServer - Command: ak(1 2) id = 39 length = 36
[2015-02-15 14:23:21:525] DebugEventProcessor - Executing task do_VirtualMachine_ClassesBySignature, state: eStateStopped
[2015-02-15 14:23:21:545] LldbVmInterface - Executing task do_VirtualMachine_ClassesBySignature took: 0.020957secs
[2015-02-15 14:23:21:547] JdwpDebugServer - Command: m(15 1) id = 40 length = 17
[2015-02-15 14:23:21:550] DebugEventProcessor - Executing task do_EventRequest_Set, state: eStateStopped
[2015-02-15 14:23:21:550] LldbVmInterface - Executing task do_EventRequest_Set took: 0.002161secs
[2015-02-15 14:23:21:550] JdwpDebugServer - Command: I(2 1) id = 41 length = 8
[2015-02-15 14:23:21:552] DebugEventProcessor - Executing task do_ReferenceType_Signature, state: eStateStopped
[2015-02-15 14:23:21:553] LldbVmInterface - Executing task do_ReferenceType_Signature took: 0.001332secs
[2015-02-15 14:23:21:554] JdwpDebugServer - Command: m(15 1) id = 42 length = 45
[2015-02-15 14:23:21:555] DebugEventProcessor - Executing task do_EventRequest_Set, state: eStateStopped
[2015-02-15 14:23:21:555] LldbVmInterface - Executing task do_EventRequest_Set took: 4.73E-4secs
[2015-02-15 14:23:21:555] JdwpDebugServer - Command: m(15 1) id = 43 length = 47
[2015-02-15 14:23:21:558] DebugEventProcessor - Executing task do_EventRequest_Set, state: eStateStopped
[2015-02-15 14:23:21:558] LldbVmInterface - Executing task do_EventRequest_Set took: 0.002048secs
[2015-02-15 14:23:21:558] JdwpDebugServer - Command: ak(1 2) id = 44 length = 40
[2015-02-15 14:23:21:560] DebugLaunchPlugin - Waiting for the debugger to settle...
[2015-02-15 14:23:21:560] DebugEventProcessor - Executing task do_VirtualMachine_ClassesBySignature, state: eStateStopped
[2015-02-15 14:23:21:562] LldbVmInterface - Executing task do_VirtualMachine_ClassesBySignature took: 0.003488secs
[2015-02-15 14:23:21:562] JdwpDebugServer - Command: m(15 1) id = 45 length = 17
[2015-02-15 14:23:21:564] DebugEventProcessor - Executing task do_EventRequest_Set, state: eStateStopped
[2015-02-15 14:23:21:564] LldbVmInterface - Executing task do_EventRequest_Set took: 0.001906secs
[2015-02-15 14:23:21:565] JdwpDebugServer - Command: I(2 1) id = 46 length = 8
[2015-02-15 14:23:21:567] DebugEventProcessor - Executing task do_ReferenceType_Signature, state: eStateStopped
[2015-02-15 14:23:21:567] LldbVmInterface - Executing task do_ReferenceType_Signature took: 0.002179secs
[2015-02-15 14:23:21:568] JdwpDebugServer - Command: m(15 1) id = 47 length = 46
[2015-02-15 14:23:21:570] DebugEventProcessor - Executing task do_EventRequest_Set, state: eStateStopped
[2015-02-15 14:23:21:570] LldbVmInterface - Executing task do_EventRequest_Set took: 0.001812secs
[2015-02-15 14:23:21:570] JdwpDebugServer - Command: m(15 1) id = 48 length = 48
[2015-02-15 14:23:21:573] DebugEventProcessor - Executing task do_EventRequest_Set, state: eStateStopped
[2015-02-15 14:23:21:573] LldbVmInterface - Executing task do_EventRequest_Set took: 0.002068secs
[2015-02-15 14:23:21:573] JdwpDebugServer - Command: ak(1 2) id = 49 length = 41
[2015-02-15 14:23:21:575] DebugEventProcessor - Executing task do_VirtualMachine_ClassesBySignature, state: eStateStopped
[2015-02-15 14:23:21:576] LldbVmInterface - Executing task do_VirtualMachine_ClassesBySignature took: 0.002254secs
[2015-02-15 14:23:21:577] JdwpDebugServer - Command: m(15 1) id = 50 length = 17
[2015-02-15 14:23:21:579] DebugEventProcessor - Executing task do_EventRequest_Set, state: eStateStopped
[2015-02-15 14:23:21:579] LldbVmInterface - Executing task do_EventRequest_Set took: 0.001959secs
[2015-02-15 14:23:21:579] JdwpDebugServer - Command: I(2 1) id = 51 length = 8
[2015-02-15 14:23:21:581] DebugEventProcessor - Executing task do_ReferenceType_Signature, state: eStateStopped
[2015-02-15 14:23:21:581] LldbVmInterface - Executing task do_ReferenceType_Signature took: 0.002131secs
[2015-02-15 14:23:21:582] JdwpDebugServer - Command: ai(1 17) id = 52 length = 0
[2015-02-15 14:23:21:763] DebugLaunchPlugin - Waiting for the debugger to settle...
[2015-02-15 14:23:21:964] DebugLaunchPlugin - Waiting for the debugger to settle...
[2015-02-15 14:23:22:165] DebugLaunchPlugin - Waiting for the debugger to settle...
[2015-02-15 14:23:22:368] DebugLaunchPlugin - Waiting for the debugger to settle...
[2015-02-15 14:23:22:573] DebugLaunchPlugin - Waiting for the debugger to settle...
[2015-02-15 14:23:22:775] DebugLaunchPlugin - Waiting for the debugger to settle...
[2015-02-15 14:23:22:981] DebugLaunchPlugin - Waiting for the debugger to settle...
[2015-02-15 14:23:23:182] DebugLaunchPlugin - Debugger has settled. Resuming inferior.
[2015-02-15 14:23:23:183] DebugEventProcessor - resume vote from [LldbVmInterface resume]
[2015-02-15 14:23:23:184] DebugEventProcessor - vote results: suspension=0 [], resume=1 [LldbVmInterface resume]
[2015-02-15 14:23:23:184] DebugEventProcessor - resume won, resuming process, state: eStateStopped
[2015-02-15 14:23:23:188] DebugEventProcessor - Running
[2015-02-15 14:23:23:188] JavaThreadObserver - thread states: main=running(0), ReferenceQueueDaemon=running(0), FinalizerDaemon=running(0), FinalizerWatchdogDaemon=running(0), 
[2015-02-15 14:25:00:772] DebugEventProcessor - resume vote from [Signal resume]
[2015-02-15 14:25:00:774] DebugEventProcessor - Stopped mach_msg_trap (null:0), reason: eStopReasonSignal, interrupted: false
[2015-02-15 14:25:00:809] DebugEventProcessor - stop reason data=9
Stacktrace: (20 frames in total, displaying the first 20)
mach_msg_trap, null:0
mach_msg, null:0
__CFRunLoopServiceMachPort, null:0
__CFRunLoopRun, null:0
CFRunLoopRunSpecific, null:0
GSEventRunModal, null:0
UIApplicationMain, null:0
[J]org.robovm.apple.uikit.UIApplication.main(ILorg/robovm/rt/bro/ptr/BytePtr$BytePtrPtr;Ljava/lang/String;Ljava/lang/String;)I, UIApplication.java:1
[J]org.robovm.apple.uikit.UIApplication.main([Ljava/lang/String;Ljava/lang/Class;Ljava/lang/Class;)V, UIApplication.java:334
[j]org.robovm.apple.uikit.UIApplication.main([Ljava/lang/String;Ljava/lang/Class;Ljava/lang/Class;)V[clinit], UIApplication.java:1
[j]org.robovm.apple.uikit.UIApplication.main([Ljava/lang/String;Ljava/lang/Class;Ljava/lang/Class;)V[Invokestatic(com/me/dbash/IOSLauncher)], IOSLauncher.java:1
[J]com.me.dbash.IOSLauncher.main([Ljava/lang/String;)V, IOSLauncher.java:27
_call0, null:0
callVoidMethod, null:0
rvmCallVoidClassMethodA, null:0
rvmCallVoidClassMethod, null:0
rvmRun, null:0
main, null:0
start, null:0
start, null:0

[2015-02-15 14:25:00:812] DebugEventProcessor - #stop reasons != none: 1
[2015-02-15 14:25:00:825] DebugEventProcessor - vote results: suspension=0 [], resume=1 [Signal resume]
[2015-02-15 14:25:00:825] DebugEventProcessor - resume won, resuming process, state: eStateStopped
[2015-02-15 14:25:00:828] DebugEventProcessor - Running
[2015-02-15 14:25:00:829] JavaThreadObserver - thread states: main=running(0), ReferenceQueueDaemon=running(0), FinalizerDaemon=running(0), FinalizerWatchdogDaemon=running(0), 
[2015-02-15 14:25:00:860] DebugEventProcessor - Exited
[2015-02-15 14:25:00:864] JdwpEventProcessor - processing vm death event
[2015-02-15 14:25:00:879] DebugEventProcessor - event processor thread exiting
[2015-02-15 14:25:00:918] DebugLaunchPlugin - Shutting down JDWP server
[2015-02-15 14:25:01:997] Debugger - Debugger destroyed
