[2015-01-08 21:11:03:780] DebugEventProcessor - started event processor thread
[2015-01-08 21:11:12:837] DebugEventProcessor - Running
[2015-01-08 21:11:12:855] DebugEventProcessor - Stopped rvmHookWaitForAttach (hooks.c:30), reason: eStopReasonBreakpoint, interrupted: false
[2015-01-08 21:11:12:858] DebugEventProcessor - stop reason data=1
Stacktrace:
rvmHookWaitForAttach, hooks.c:30
rvmHookWaitForAttach, hooks.c:34
rvmStartup, null:0
main, null:0
start, null:0

[2015-01-08 21:11:12:858] DebugEventProcessor - #stop reasons != none: 1
[2015-01-08 21:11:12:860] Debugger - attached to application /Users/stef/Documents/workspace/.metadata/.plugins/org.robovm.eclipse.ui/build/dbash-ios/ipad/ios/x86/IOSLauncher, pid=35879
[2015-01-08 21:11:12:868] Debugger - Continuing
[2015-01-08 21:11:12:870] DebugEventProcessor - Running
[2015-01-08 21:11:13:008] DebugEventProcessor - Stopped _rvmHookBeforeMainThreadAttached (hooks.c:43), reason: eStopReasonBreakpoint, interrupted: false
[2015-01-08 21:11:13:009] DebugEventProcessor - stop reason data=2
Stacktrace:
_rvmHookBeforeMainThreadAttached, hooks.c:43
rvmInitThreads, null:0
rvmStartup, null:0
main, null:0
start, null:0

[2015-01-08 21:11:13:010] DebugEventProcessor - #stop reasons != none: 1
[2015-01-08 21:11:13:010] ClassInfoParser - Reading boot classes info
[2015-01-08 21:11:13:716] ClassInfoParser - Took 0.705774
[2015-01-08 21:11:13:716] ClassInfoParser - Reading classes info
[2015-01-08 21:11:14:766] ClassInfoParser - Took 1.049707
[2015-01-08 21:11:14:795] Debugger - Added breakpoint for symbol _rvmHookThreadAttached
[2015-01-08 21:11:14:803] Debugger - Added breakpoint for symbol _rvmHookThreadStarting
[2015-01-08 21:11:14:822] Debugger - Added breakpoint for symbol _rvmHookThreadDetaching
[2015-01-08 21:11:14:829] Debugger - Added breakpoint for symbol _rvmHookBeforeAppEntryPoint
[2015-01-08 21:11:14:829] Debugger - Continuing
[2015-01-08 21:11:14:835] DebugEventProcessor - Running
[2015-01-08 21:11:14:836] JavaThreadObserver - thread states: 
[2015-01-08 21:11:15:080] DebugEventProcessor - Stopped _rvmHookThreadAttached (hooks.c:55), reason: eStopReasonBreakpoint, interrupted: false
[2015-01-08 21:11:15:081] DebugEventProcessor - stop reason data=3
Stacktrace:
_rvmHookThreadAttached, hooks.c:55
attachThread, null:0
rvmInitThreads, null:0
rvmStartup, null:0
main, null:0
start, null:0

[2015-01-08 21:11:15:081] DebugEventProcessor - #stop reasons != none: 1
[2015-01-08 21:11:15:140] JavaThreadObserver - Thread main attached
[2015-01-08 21:11:15:140] JavaThreadObserver - Continuing process, event consumed
[2015-01-08 21:11:15:140] DebugEventProcessor - resume vote from [java thread observer]
[2015-01-08 21:11:15:140] DebugEventProcessor - vote results: suspension=0 [], resume=1 [java thread observer]
[2015-01-08 21:11:15:140] DebugEventProcessor - resume won, resuming process, state: eStateStopped
[2015-01-08 21:11:15:143] DebugEventProcessor - Running
[2015-01-08 21:11:15:143] JavaThreadObserver - thread states: main=running(0), 
[2015-01-08 21:11:15:724] DebugEventProcessor - Stopped _rvmHookThreadStarting (hooks.c:59), reason: eStopReasonBreakpoint, interrupted: false
[2015-01-08 21:11:15:725] DebugEventProcessor - stop reason data=4
Stacktrace:
_rvmHookThreadStarting, hooks.c:59
startThreadEntryPoint, null:0
GC_inner_start_routine, null:0
GC_call_with_stack_base, null:0
GC_start_routine, null:0
_pthread_body, null:0
_pthread_start, null:0
thread_start, null:0

[2015-01-08 21:11:15:725] DebugEventProcessor - #stop reasons != none: 1
[2015-01-08 21:11:15:728] JavaThreadObserver - Thread ReferenceQueueDaemon started
[2015-01-08 21:11:15:728] JavaThreadObserver - Continuing process, event consumed
[2015-01-08 21:11:15:728] DebugEventProcessor - resume vote from [java thread observer]
[2015-01-08 21:11:15:728] DebugEventProcessor - vote results: suspension=0 [], resume=1 [java thread observer]
[2015-01-08 21:11:15:728] DebugEventProcessor - resume won, resuming process, state: eStateStopped
[2015-01-08 21:11:15:731] DebugEventProcessor - Running
[2015-01-08 21:11:15:731] JavaThreadObserver - thread states: main=running(0), ReferenceQueueDaemon=running(0), 
[2015-01-08 21:11:15:735] DebugEventProcessor - Stopped _rvmHookThreadStarting (hooks.c:59), reason: eStopReasonBreakpoint, interrupted: false
[2015-01-08 21:11:15:736] DebugEventProcessor - stop reason data=4
Stacktrace:
_rvmHookThreadStarting, hooks.c:59
startThreadEntryPoint, null:0
GC_inner_start_routine, null:0
GC_call_with_stack_base, null:0
GC_start_routine, null:0
_pthread_body, null:0
_pthread_start, null:0
thread_start, null:0

[2015-01-08 21:11:15:736] DebugEventProcessor - #stop reasons != none: 1
[2015-01-08 21:11:15:739] JavaThreadObserver - Thread FinalizerDaemon started
[2015-01-08 21:11:15:739] JavaThreadObserver - Continuing process, event consumed
[2015-01-08 21:11:15:739] DebugEventProcessor - resume vote from [java thread observer]
[2015-01-08 21:11:15:739] DebugEventProcessor - vote results: suspension=0 [], resume=1 [java thread observer]
[2015-01-08 21:11:15:739] DebugEventProcessor - resume won, resuming process, state: eStateStopped
[2015-01-08 21:11:15:742] DebugEventProcessor - Running
[2015-01-08 21:11:15:742] JavaThreadObserver - thread states: main=running(0), ReferenceQueueDaemon=running(0), FinalizerDaemon=running(0), 
[2015-01-08 21:11:15:746] DebugEventProcessor - Stopped _rvmHookThreadStarting (hooks.c:59), reason: eStopReasonBreakpoint, interrupted: false
[2015-01-08 21:11:15:746] DebugEventProcessor - stop reason data=4
Stacktrace:
_rvmHookThreadStarting, hooks.c:59
startThreadEntryPoint, null:0
GC_inner_start_routine, null:0
GC_call_with_stack_base, null:0
GC_start_routine, null:0
_pthread_body, null:0
_pthread_start, null:0
thread_start, null:0

[2015-01-08 21:11:15:746] DebugEventProcessor - #stop reasons != none: 1
[2015-01-08 21:11:15:749] JavaThreadObserver - Thread FinalizerWatchdogDaemon started
[2015-01-08 21:11:15:749] JavaThreadObserver - Continuing process, event consumed
[2015-01-08 21:11:15:750] DebugEventProcessor - resume vote from [java thread observer]
[2015-01-08 21:11:15:750] DebugEventProcessor - vote results: suspension=0 [], resume=1 [java thread observer]
[2015-01-08 21:11:15:750] DebugEventProcessor - resume won, resuming process, state: eStateStopped
[2015-01-08 21:11:15:752] DebugEventProcessor - Running
[2015-01-08 21:11:15:752] JavaThreadObserver - thread states: main=running(0), ReferenceQueueDaemon=running(0), FinalizerDaemon=running(0), FinalizerWatchdogDaemon=running(0), 
[2015-01-08 21:11:15:756] DebugEventProcessor - Stopped _rvmHookBeforeAppEntryPoint (hooks.c:47), reason: eStopReasonBreakpoint, interrupted: false
[2015-01-08 21:11:15:757] DebugEventProcessor - stop reason data=6
Stacktrace:
_rvmHookBeforeAppEntryPoint, hooks.c:47
rvmRun, null:0
main, null:0
start, null:0

[2015-01-08 21:11:15:757] DebugEventProcessor - #stop reasons != none: 1
[2015-01-08 21:11:15:758] Debugger - Removed breakpoint _rvmHookBeforeAppEntryPoint
[2015-01-08 21:11:15:760] DebugLaunchPlugin - Waiting for the debugger to settle...
[2015-01-08 21:11:15:760] SocketTransport - Listening for transport dt_socket at address: 59780
[2015-01-08 21:11:15:961] DebugLaunchPlugin - Waiting for the debugger to settle...
[2015-01-08 21:11:16:162] DebugLaunchPlugin - Waiting for the debugger to settle...
[2015-01-08 21:11:16:364] DebugLaunchPlugin - Waiting for the debugger to settle...
[2015-01-08 21:11:16:565] DebugLaunchPlugin - Waiting for the debugger to settle...
[2015-01-08 21:11:16:615] JdwpDebugServer - Command: ap(1 7) id = 129 length = 0
[2015-01-08 21:11:16:618] JdwpDebugServer - Command: m(15 1) id = 130 length = 6
[2015-01-08 21:11:16:620] DebugEventProcessor - Executing task do_EventRequest_Set, state: eStateStopped
[2015-01-08 21:11:16:620] LldbVmInterface - Executing task do_EventRequest_Set took: 0.001631secs
[2015-01-08 21:11:16:620] JdwpDebugServer - Command: m(15 1) id = 128 length = 6
[2015-01-08 21:11:16:622] DebugEventProcessor - Executing task do_EventRequest_Set, state: eStateStopped
[2015-01-08 21:11:16:622] LldbVmInterface - Executing task do_EventRequest_Set took: 0.001568secs
[2015-01-08 21:11:16:622] JdwpDebugServer - Command: m(15 1) id = 131 length = 6
[2015-01-08 21:11:16:624] DebugEventProcessor - Executing task do_EventRequest_Set, state: eStateStopped
[2015-01-08 21:11:16:624] LldbVmInterface - Executing task do_EventRequest_Set took: 0.001878secs
[2015-01-08 21:11:16:625] JdwpDebugServer - Command: at(1 1) id = 132 length = 0
[2015-01-08 21:11:16:625] JdwpDebugServer - Command: ag(1 4) id = 133 length = 0
[2015-01-08 21:11:16:627] DebugEventProcessor - Executing task do_VirtualMachine_AllThreads, state: eStateStopped
[2015-01-08 21:11:16:627] LldbVmInterface - Executing task do_VirtualMachine_AllThreads took: 0.001361secs
[2015-01-08 21:11:16:627] JdwpDebugServer - Command: ac(11 5) id = 134 length = 8
[2015-01-08 21:11:16:629] DebugEventProcessor - Executing task do_ThreadReference_ThreadGroup, state: eStateStopped
[2015-01-08 21:11:16:641] LldbVmInterface - Executing task do_ThreadReference_ThreadGroup took: 0.014111secs
[2015-01-08 21:11:16:642] JdwpDebugServer - Command: R(12 1) id = 135 length = 8
[2015-01-08 21:11:16:644] DebugEventProcessor - Executing task do_ThreadGroupReference_Name, state: eStateStopped
[2015-01-08 21:11:16:645] LldbVmInterface - Executing task do_ThreadGroupReference_Name took: 0.002929secs
[2015-01-08 21:11:16:645] JdwpDebugServer - Command: S(12 2) id = 136 length = 8
[2015-01-08 21:11:16:647] DebugEventProcessor - Executing task do_ThreadGroupReference_Parent, state: eStateStopped
[2015-01-08 21:11:16:647] LldbVmInterface - Executing task do_ThreadGroupReference_Parent took: 0.001943secs
[2015-01-08 21:11:16:648] JdwpDebugServer - Command: x(9 1) id = 137 length = 8
[2015-01-08 21:11:16:649] DebugEventProcessor - Executing task do_ObjectReference_ReferenceType, state: eStateStopped
[2015-01-08 21:11:16:650] LldbVmInterface - Executing task do_ObjectReference_ReferenceType took: 0.001726secs
[2015-01-08 21:11:16:650] JdwpDebugServer - Command: C(2 14) id = 138 length = 8
[2015-01-08 21:11:16:652] DebugEventProcessor - Executing task do_ReferenceType_FieldsWithGeneric, state: eStateStopped
[2015-01-08 21:11:16:653] LldbVmInterface - Executing task do_ReferenceType_FieldsWithGeneric took: 0.002104secs
[2015-01-08 21:11:16:653] JdwpDebugServer - Command: E(2 10) id = 139 length = 8
[2015-01-08 21:11:16:655] DebugEventProcessor - Executing task do_ReferenceType_Interfaces, state: eStateStopped
[2015-01-08 21:11:16:656] LldbVmInterface - Executing task do_ReferenceType_Interfaces took: 0.002344secs
[2015-01-08 21:11:16:656] JdwpDebugServer - Command: C(2 14) id = 140 length = 8
[2015-01-08 21:11:16:658] DebugEventProcessor - Executing task do_ReferenceType_FieldsWithGeneric, state: eStateStopped
[2015-01-08 21:11:16:658] LldbVmInterface - Executing task do_ReferenceType_FieldsWithGeneric took: 0.001862secs
[2015-01-08 21:11:16:658] JdwpDebugServer - Command: E(2 10) id = 141 length = 8
[2015-01-08 21:11:16:660] DebugEventProcessor - Executing task do_ReferenceType_Interfaces, state: eStateStopped
[2015-01-08 21:11:16:660] LldbVmInterface - Executing task do_ReferenceType_Interfaces took: 0.001891secs
[2015-01-08 21:11:16:661] JdwpDebugServer - Command: j(3 1) id = 142 length = 8
[2015-01-08 21:11:16:663] DebugEventProcessor - Executing task do_ClassType_Superclass, state: eStateStopped
[2015-01-08 21:11:16:666] LldbVmInterface - Executing task do_ClassType_Superclass took: 0.005065secs
[2015-01-08 21:11:16:666] JdwpDebugServer - Command: C(2 14) id = 143 length = 8
[2015-01-08 21:11:16:668] DebugEventProcessor - Executing task do_ReferenceType_FieldsWithGeneric, state: eStateStopped
[2015-01-08 21:11:16:668] LldbVmInterface - Executing task do_ReferenceType_FieldsWithGeneric took: 0.001852secs
[2015-01-08 21:11:16:669] JdwpDebugServer - Command: E(2 10) id = 144 length = 8
[2015-01-08 21:11:16:671] DebugEventProcessor - Executing task do_ReferenceType_Interfaces, state: eStateStopped
[2015-01-08 21:11:16:671] LldbVmInterface - Executing task do_ReferenceType_Interfaces took: 0.001843secs
[2015-01-08 21:11:16:671] JdwpDebugServer - Command: j(3 1) id = 145 length = 8
[2015-01-08 21:11:16:673] DebugEventProcessor - Executing task do_ClassType_Superclass, state: eStateStopped
[2015-01-08 21:11:16:673] LldbVmInterface - Executing task do_ClassType_Superclass took: 0.001944secs
[2015-01-08 21:11:16:674] JdwpDebugServer - Command: t(9 2) id = 146 length = 20
[2015-01-08 21:11:16:675] DebugEventProcessor - Executing task do_ObjectReference_GetValues, state: eStateStopped
[2015-01-08 21:11:16:676] LldbVmInterface - Executing task do_ObjectReference_GetValues took: 0.001979secs
[2015-01-08 21:11:16:676] JdwpDebugServer - Command: Z(11 4) id = 147 length = 8
[2015-01-08 21:11:16:678] DebugEventProcessor - Executing task do_ThreadReference_Status, state: eStateStopped
[2015-01-08 21:11:16:678] LldbVmInterface - Executing task do_ThreadReference_Status took: 0.001579secs
[2015-01-08 21:11:16:679] JdwpDebugServer - Command: Z(11 4) id = 148 length = 8
[2015-01-08 21:11:16:680] DebugEventProcessor - Executing task do_ThreadReference_Status, state: eStateStopped
[2015-01-08 21:11:16:680] LldbVmInterface - Executing task do_ThreadReference_Status took: 0.001727secs
[2015-01-08 21:11:16:681] JdwpDebugServer - Command: ac(11 5) id = 149 length = 8
[2015-01-08 21:11:16:683] DebugEventProcessor - Executing task do_ThreadReference_ThreadGroup, state: eStateStopped
[2015-01-08 21:11:16:683] LldbVmInterface - Executing task do_ThreadReference_ThreadGroup took: 0.001908secs
[2015-01-08 21:11:16:683] JdwpDebugServer - Command: x(9 1) id = 150 length = 8
[2015-01-08 21:11:16:685] DebugEventProcessor - Executing task do_ObjectReference_ReferenceType, state: eStateStopped
[2015-01-08 21:11:16:686] LldbVmInterface - Executing task do_ObjectReference_ReferenceType took: 0.00189secs
[2015-01-08 21:11:16:686] JdwpDebugServer - Command: t(9 2) id = 151 length = 20
[2015-01-08 21:11:16:688] DebugEventProcessor - Executing task do_ObjectReference_GetValues, state: eStateStopped
[2015-01-08 21:11:16:688] LldbVmInterface - Executing task do_ObjectReference_GetValues took: 0.001766secs
[2015-01-08 21:11:16:688] JdwpDebugServer - Command: Z(11 4) id = 152 length = 8
[2015-01-08 21:11:16:690] DebugEventProcessor - Executing task do_ThreadReference_Status, state: eStateStopped
[2015-01-08 21:11:16:690] LldbVmInterface - Executing task do_ThreadReference_Status took: 0.001791secs
[2015-01-08 21:11:16:691] JdwpDebugServer - Command: Z(11 4) id = 153 length = 8
[2015-01-08 21:11:16:693] DebugEventProcessor - Executing task do_ThreadReference_Status, state: eStateStopped
[2015-01-08 21:11:16:693] LldbVmInterface - Executing task do_ThreadReference_Status took: 0.001906secs
[2015-01-08 21:11:16:693] JdwpDebugServer - Command: ac(11 5) id = 154 length = 8
[2015-01-08 21:11:16:695] DebugEventProcessor - Executing task do_ThreadReference_ThreadGroup, state: eStateStopped
[2015-01-08 21:11:16:695] LldbVmInterface - Executing task do_ThreadReference_ThreadGroup took: 0.002015secs
[2015-01-08 21:11:16:696] JdwpDebugServer - Command: x(9 1) id = 155 length = 8
[2015-01-08 21:11:16:698] DebugEventProcessor - Executing task do_ObjectReference_ReferenceType, state: eStateStopped
[2015-01-08 21:11:16:698] LldbVmInterface - Executing task do_ObjectReference_ReferenceType took: 0.001934secs
[2015-01-08 21:11:16:698] JdwpDebugServer - Command: t(9 2) id = 156 length = 20
[2015-01-08 21:11:16:700] DebugEventProcessor - Executing task do_ObjectReference_GetValues, state: eStateStopped
[2015-01-08 21:11:16:700] LldbVmInterface - Executing task do_ObjectReference_GetValues took: 0.002secs
[2015-01-08 21:11:16:701] JdwpDebugServer - Command: Z(11 4) id = 157 length = 8
[2015-01-08 21:11:16:702] DebugEventProcessor - Executing task do_ThreadReference_Status, state: eStateStopped
[2015-01-08 21:11:16:703] LldbVmInterface - Executing task do_ThreadReference_Status took: 0.001929secs
[2015-01-08 21:11:16:703] JdwpDebugServer - Command: Z(11 4) id = 158 length = 8
[2015-01-08 21:11:16:705] DebugEventProcessor - Executing task do_ThreadReference_Status, state: eStateStopped
[2015-01-08 21:11:16:705] LldbVmInterface - Executing task do_ThreadReference_Status took: 0.001856secs
[2015-01-08 21:11:16:705] JdwpDebugServer - Command: ac(11 5) id = 159 length = 8
[2015-01-08 21:11:16:707] DebugEventProcessor - Executing task do_ThreadReference_ThreadGroup, state: eStateStopped
[2015-01-08 21:11:16:708] LldbVmInterface - Executing task do_ThreadReference_ThreadGroup took: 0.001942secs
[2015-01-08 21:11:16:708] JdwpDebugServer - Command: x(9 1) id = 160 length = 8
[2015-01-08 21:11:16:710] DebugEventProcessor - Executing task do_ObjectReference_ReferenceType, state: eStateStopped
[2015-01-08 21:11:16:710] LldbVmInterface - Executing task do_ObjectReference_ReferenceType took: 0.001838secs
[2015-01-08 21:11:16:710] JdwpDebugServer - Command: t(9 2) id = 161 length = 20
[2015-01-08 21:11:16:712] DebugEventProcessor - Executing task do_ObjectReference_GetValues, state: eStateStopped
[2015-01-08 21:11:16:712] LldbVmInterface - Executing task do_ObjectReference_GetValues took: 0.001607secs
[2015-01-08 21:11:16:713] JdwpDebugServer - Command: Z(11 4) id = 162 length = 8
[2015-01-08 21:11:16:715] DebugEventProcessor - Executing task do_ThreadReference_Status, state: eStateStopped
[2015-01-08 21:11:16:715] LldbVmInterface - Executing task do_ThreadReference_Status took: 0.00178secs
[2015-01-08 21:11:16:715] JdwpDebugServer - Command: Z(11 4) id = 163 length = 8
[2015-01-08 21:11:16:717] DebugEventProcessor - Executing task do_ThreadReference_Status, state: eStateStopped
[2015-01-08 21:11:16:717] LldbVmInterface - Executing task do_ThreadReference_Status took: 0.001861secs
[2015-01-08 21:11:16:719] JdwpDebugServer - Command: m(15 1) id = 164 length = 41
[2015-01-08 21:11:16:720] DebugEventProcessor - Executing task do_EventRequest_Set, state: eStateStopped
[2015-01-08 21:11:16:720] LldbVmInterface - Executing task do_EventRequest_Set took: 9.12E-4secs
[2015-01-08 21:11:16:720] JdwpDebugServer - Command: m(15 1) id = 165 length = 43
[2015-01-08 21:11:16:722] DebugEventProcessor - Executing task do_EventRequest_Set, state: eStateStopped
[2015-01-08 21:11:16:722] LldbVmInterface - Executing task do_EventRequest_Set took: 0.001559secs
[2015-01-08 21:11:16:722] JdwpDebugServer - Command: ak(1 2) id = 166 length = 36
[2015-01-08 21:11:16:724] DebugEventProcessor - Executing task do_VirtualMachine_ClassesBySignature, state: eStateStopped
[2015-01-08 21:11:16:744] LldbVmInterface - Executing task do_VirtualMachine_ClassesBySignature took: 0.021429secs
[2015-01-08 21:11:16:745] JdwpDebugServer - Command: m(15 1) id = 167 length = 17
[2015-01-08 21:11:16:746] DebugEventProcessor - Executing task do_EventRequest_Set, state: eStateStopped
[2015-01-08 21:11:16:746] LldbVmInterface - Executing task do_EventRequest_Set took: 0.001549secs
[2015-01-08 21:11:16:747] JdwpDebugServer - Command: I(2 1) id = 168 length = 8
[2015-01-08 21:11:16:749] DebugEventProcessor - Executing task do_ReferenceType_Signature, state: eStateStopped
[2015-01-08 21:11:16:749] LldbVmInterface - Executing task do_ReferenceType_Signature took: 0.00184secs
[2015-01-08 21:11:16:750] JdwpDebugServer - Command: m(15 1) id = 169 length = 57
[2015-01-08 21:11:16:751] DebugEventProcessor - Executing task do_EventRequest_Set, state: eStateStopped
[2015-01-08 21:11:16:751] LldbVmInterface - Executing task do_EventRequest_Set took: 0.001253secs
[2015-01-08 21:11:16:752] JdwpDebugServer - Command: m(15 1) id = 170 length = 59
[2015-01-08 21:11:16:753] DebugEventProcessor - Executing task do_EventRequest_Set, state: eStateStopped
[2015-01-08 21:11:16:753] LldbVmInterface - Executing task do_EventRequest_Set took: 0.00168secs
[2015-01-08 21:11:16:754] JdwpDebugServer - Command: ak(1 2) id = 171 length = 52
[2015-01-08 21:11:16:756] DebugEventProcessor - Executing task do_VirtualMachine_ClassesBySignature, state: eStateStopped
[2015-01-08 21:11:16:766] DebugLaunchPlugin - Waiting for the debugger to settle...
[2015-01-08 21:11:16:772] LldbVmInterface - Executing task do_VirtualMachine_ClassesBySignature took: 0.018406secs
[2015-01-08 21:11:16:773] JdwpDebugServer - Command: G(2 15) id = 172 length = 8
[2015-01-08 21:11:16:775] DebugEventProcessor - Executing task do_ReferenceType_MethodsWithGeneric, state: eStateStopped
[2015-01-08 21:11:16:776] LldbVmInterface - Executing task do_ReferenceType_MethodsWithGeneric took: 0.002644secs
[2015-01-08 21:11:16:776] JdwpDebugServer - Command: ai(1 17) id = 173 length = 0
[2015-01-08 21:11:16:777] JdwpDebugServer - Command: n(6 1) id = 174 length = 16
[2015-01-08 21:11:16:778] DebugEventProcessor - Executing task do_Method_LineTable, state: eStateStopped
[2015-01-08 21:11:16:782] LldbVmInterface - Executing task do_Method_LineTable took: 0.004516secs
[2015-01-08 21:11:16:782] JdwpDebugServer - Command: n(6 1) id = 175 length = 16
[2015-01-08 21:11:16:784] DebugEventProcessor - Executing task do_Method_LineTable, state: eStateStopped
[2015-01-08 21:11:16:784] LldbVmInterface - Executing task do_Method_LineTable took: 0.001919secs
[2015-01-08 21:11:16:784] JdwpDebugServer - Command: n(6 1) id = 176 length = 16
[2015-01-08 21:11:16:786] DebugEventProcessor - Executing task do_Method_LineTable, state: eStateStopped
[2015-01-08 21:11:16:786] LldbVmInterface - Executing task do_Method_LineTable took: 0.001893secs
[2015-01-08 21:11:16:787] JdwpDebugServer - Command: n(6 1) id = 177 length = 16
[2015-01-08 21:11:16:789] DebugEventProcessor - Executing task do_Method_LineTable, state: eStateStopped
[2015-01-08 21:11:16:789] LldbVmInterface - Executing task do_Method_LineTable took: 0.001916secs
[2015-01-08 21:11:16:789] JdwpDebugServer - Command: n(6 1) id = 178 length = 16
[2015-01-08 21:11:16:791] DebugEventProcessor - Executing task do_Method_LineTable, state: eStateStopped
[2015-01-08 21:11:16:792] LldbVmInterface - Executing task do_Method_LineTable took: 0.002135secs
[2015-01-08 21:11:16:792] JdwpDebugServer - Command: n(6 1) id = 179 length = 16
[2015-01-08 21:11:16:794] DebugEventProcessor - Executing task do_Method_LineTable, state: eStateStopped
[2015-01-08 21:11:16:794] LldbVmInterface - Executing task do_Method_LineTable took: 0.001562secs
[2015-01-08 21:11:16:795] JdwpDebugServer - Command: n(6 1) id = 180 length = 16
[2015-01-08 21:11:16:796] DebugEventProcessor - Executing task do_Method_LineTable, state: eStateStopped
[2015-01-08 21:11:16:797] LldbVmInterface - Executing task do_Method_LineTable took: 0.001956secs
[2015-01-08 21:11:16:797] JdwpDebugServer - Command: n(6 1) id = 181 length = 16
[2015-01-08 21:11:16:799] DebugEventProcessor - Executing task do_Method_LineTable, state: eStateStopped
[2015-01-08 21:11:16:799] LldbVmInterface - Executing task do_Method_LineTable took: 0.001694secs
[2015-01-08 21:11:16:800] JdwpDebugServer - Command: n(6 1) id = 182 length = 16
[2015-01-08 21:11:16:801] DebugEventProcessor - Executing task do_Method_LineTable, state: eStateStopped
[2015-01-08 21:11:16:801] LldbVmInterface - Executing task do_Method_LineTable took: 0.001672secs
[2015-01-08 21:11:16:802] JdwpDebugServer - Command: n(6 1) id = 183 length = 16
[2015-01-08 21:11:16:804] DebugEventProcessor - Executing task do_Method_LineTable, state: eStateStopped
[2015-01-08 21:11:16:804] LldbVmInterface - Executing task do_Method_LineTable took: 0.001824secs
[2015-01-08 21:11:16:805] JdwpDebugServer - Command: n(6 1) id = 184 length = 16
[2015-01-08 21:11:16:806] DebugEventProcessor - Executing task do_Method_LineTable, state: eStateStopped
[2015-01-08 21:11:16:806] LldbVmInterface - Executing task do_Method_LineTable took: 0.001724secs
[2015-01-08 21:11:16:807] JdwpDebugServer - Command: n(6 1) id = 185 length = 16
[2015-01-08 21:11:16:809] DebugEventProcessor - Executing task do_Method_LineTable, state: eStateStopped
[2015-01-08 21:11:16:809] LldbVmInterface - Executing task do_Method_LineTable took: 0.002164secs
[2015-01-08 21:11:16:810] JdwpDebugServer - Command: n(6 1) id = 186 length = 16
[2015-01-08 21:11:16:811] DebugEventProcessor - Executing task do_Method_LineTable, state: eStateStopped
[2015-01-08 21:11:16:812] LldbVmInterface - Executing task do_Method_LineTable took: 0.001707secs
[2015-01-08 21:11:16:812] JdwpDebugServer - Command: n(6 1) id = 187 length = 16
[2015-01-08 21:11:16:814] DebugEventProcessor - Executing task do_Method_LineTable, state: eStateStopped
[2015-01-08 21:11:16:814] LldbVmInterface - Executing task do_Method_LineTable took: 0.001924secs
[2015-01-08 21:11:16:814] JdwpDebugServer - Command: n(6 1) id = 188 length = 16
[2015-01-08 21:11:16:816] DebugEventProcessor - Executing task do_Method_LineTable, state: eStateStopped
[2015-01-08 21:11:16:816] LldbVmInterface - Executing task do_Method_LineTable took: 0.00185secs
[2015-01-08 21:11:16:817] JdwpDebugServer - Command: n(6 1) id = 189 length = 16
[2015-01-08 21:11:16:819] DebugEventProcessor - Executing task do_Method_LineTable, state: eStateStopped
[2015-01-08 21:11:16:819] LldbVmInterface - Executing task do_Method_LineTable took: 0.001941secs
[2015-01-08 21:11:16:819] JdwpDebugServer - Command: n(6 1) id = 190 length = 16
[2015-01-08 21:11:16:821] DebugEventProcessor - Executing task do_Method_LineTable, state: eStateStopped
[2015-01-08 21:11:16:822] LldbVmInterface - Executing task do_Method_LineTable took: 0.001833secs
[2015-01-08 21:11:16:822] JdwpDebugServer - Command: n(6 1) id = 191 length = 16
[2015-01-08 21:11:16:824] DebugEventProcessor - Executing task do_Method_LineTable, state: eStateStopped
[2015-01-08 21:11:16:824] LldbVmInterface - Executing task do_Method_LineTable took: 0.001664secs
[2015-01-08 21:11:16:824] JdwpDebugServer - Command: n(6 1) id = 192 length = 16
[2015-01-08 21:11:16:826] DebugEventProcessor - Executing task do_Method_LineTable, state: eStateStopped
[2015-01-08 21:11:16:826] LldbVmInterface - Executing task do_Method_LineTable took: 0.001985secs
[2015-01-08 21:11:16:827] JdwpDebugServer - Command: n(6 1) id = 193 length = 16
[2015-01-08 21:11:16:828] DebugEventProcessor - Executing task do_Method_LineTable, state: eStateStopped
[2015-01-08 21:11:16:829] LldbVmInterface - Executing task do_Method_LineTable took: 0.001848secs
[2015-01-08 21:11:16:829] JdwpDebugServer - Command: n(6 1) id = 194 length = 16
[2015-01-08 21:11:16:831] DebugEventProcessor - Executing task do_Method_LineTable, state: eStateStopped
[2015-01-08 21:11:16:831] LldbVmInterface - Executing task do_Method_LineTable took: 0.001918secs
[2015-01-08 21:11:16:832] JdwpDebugServer - Command: n(6 1) id = 195 length = 16
[2015-01-08 21:11:16:833] DebugEventProcessor - Executing task do_Method_LineTable, state: eStateStopped
[2015-01-08 21:11:16:833] LldbVmInterface - Executing task do_Method_LineTable took: 0.001735secs
[2015-01-08 21:11:16:834] JdwpDebugServer - Command: n(6 1) id = 196 length = 16
[2015-01-08 21:11:16:836] DebugEventProcessor - Executing task do_Method_LineTable, state: eStateStopped
[2015-01-08 21:11:16:836] LldbVmInterface - Executing task do_Method_LineTable took: 0.001876secs
[2015-01-08 21:11:16:836] JdwpDebugServer - Command: n(6 1) id = 197 length = 16
[2015-01-08 21:11:16:838] DebugEventProcessor - Executing task do_Method_LineTable, state: eStateStopped
[2015-01-08 21:11:16:838] LldbVmInterface - Executing task do_Method_LineTable took: 0.001948secs
[2015-01-08 21:11:16:839] JdwpDebugServer - Command: n(6 1) id = 198 length = 16
[2015-01-08 21:11:16:840] DebugEventProcessor - Executing task do_Method_LineTable, state: eStateStopped
[2015-01-08 21:11:16:841] LldbVmInterface - Executing task do_Method_LineTable took: 0.001919secs
[2015-01-08 21:11:16:841] JdwpDebugServer - Command: n(6 1) id = 199 length = 16
[2015-01-08 21:11:16:843] DebugEventProcessor - Executing task do_Method_LineTable, state: eStateStopped
[2015-01-08 21:11:16:843] LldbVmInterface - Executing task do_Method_LineTable took: 0.001807secs
[2015-01-08 21:11:16:844] JdwpDebugServer - Command: n(6 1) id = 200 length = 16
[2015-01-08 21:11:16:845] DebugEventProcessor - Executing task do_Method_LineTable, state: eStateStopped
[2015-01-08 21:11:16:846] LldbVmInterface - Executing task do_Method_LineTable took: 0.001875secs
[2015-01-08 21:11:16:846] JdwpDebugServer - Command: n(6 1) id = 201 length = 16
[2015-01-08 21:11:16:848] DebugEventProcessor - Executing task do_Method_LineTable, state: eStateStopped
[2015-01-08 21:11:16:848] LldbVmInterface - Executing task do_Method_LineTable took: 0.001912secs
[2015-01-08 21:11:16:848] JdwpDebugServer - Command: n(6 1) id = 202 length = 16
[2015-01-08 21:11:16:850] DebugEventProcessor - Executing task do_Method_LineTable, state: eStateStopped
[2015-01-08 21:11:16:850] LldbVmInterface - Executing task do_Method_LineTable took: 0.001812secs
[2015-01-08 21:11:16:851] JdwpDebugServer - Command: n(6 1) id = 203 length = 16
[2015-01-08 21:11:16:853] DebugEventProcessor - Executing task do_Method_LineTable, state: eStateStopped
[2015-01-08 21:11:16:853] LldbVmInterface - Executing task do_Method_LineTable took: 0.001777secs
[2015-01-08 21:11:16:853] JdwpDebugServer - Command: n(6 1) id = 204 length = 16
[2015-01-08 21:11:16:855] DebugEventProcessor - Executing task do_Method_LineTable, state: eStateStopped
[2015-01-08 21:11:16:855] LldbVmInterface - Executing task do_Method_LineTable took: 0.00185secs
[2015-01-08 21:11:16:856] JdwpDebugServer - Command: n(6 1) id = 205 length = 16
[2015-01-08 21:11:16:857] DebugEventProcessor - Executing task do_Method_LineTable, state: eStateStopped
[2015-01-08 21:11:16:857] LldbVmInterface - Executing task do_Method_LineTable took: 0.001738secs
[2015-01-08 21:11:16:858] JdwpDebugServer - Command: n(6 1) id = 206 length = 16
[2015-01-08 21:11:16:860] DebugEventProcessor - Executing task do_Method_LineTable, state: eStateStopped
[2015-01-08 21:11:16:860] LldbVmInterface - Executing task do_Method_LineTable took: 0.001897secs
[2015-01-08 21:11:16:860] JdwpDebugServer - Command: n(6 1) id = 207 length = 16
[2015-01-08 21:11:16:862] DebugEventProcessor - Executing task do_Method_LineTable, state: eStateStopped
[2015-01-08 21:11:16:862] LldbVmInterface - Executing task do_Method_LineTable took: 0.001917secs
[2015-01-08 21:11:16:863] JdwpDebugServer - Command: n(6 1) id = 208 length = 16
[2015-01-08 21:11:16:865] DebugEventProcessor - Executing task do_Method_LineTable, state: eStateStopped
[2015-01-08 21:11:16:865] LldbVmInterface - Executing task do_Method_LineTable took: 0.001881secs
[2015-01-08 21:11:16:865] JdwpDebugServer - Command: ak(1 2) id = 209 length = 52
[2015-01-08 21:11:16:867] DebugEventProcessor - Executing task do_VirtualMachine_ClassesBySignature, state: eStateStopped
[2015-01-08 21:11:16:867] LldbVmInterface - Executing task do_VirtualMachine_ClassesBySignature took: 0.001937secs
[2015-01-08 21:11:16:868] JdwpDebugServer - Command: af(1 20) id = 210 length = 0
[2015-01-08 21:11:16:870] DebugEventProcessor - Executing task do_VirtualMachine_AllClassesWithGeneric, state: eStateStopped
[2015-01-08 21:11:16:930] LldbVmInterface - Executing task do_VirtualMachine_AllClassesWithGeneric took: 0.06171secs
[2015-01-08 21:11:16:967] DebugLaunchPlugin - Waiting for the debugger to settle...
[2015-01-08 21:11:16:983] JdwpDebugServer - Command: G(2 15) id = 211 length = 8
[2015-01-08 21:11:16:984] DebugEventProcessor - Executing task do_ReferenceType_MethodsWithGeneric, state: eStateStopped
[2015-01-08 21:11:16:988] LldbVmInterface - Executing task do_ReferenceType_MethodsWithGeneric took: 0.005117secs
[2015-01-08 21:11:16:989] JdwpDebugServer - Command: n(6 1) id = 212 length = 16
[2015-01-08 21:11:16:990] DebugEventProcessor - Executing task do_Method_LineTable, state: eStateStopped
[2015-01-08 21:11:16:991] LldbVmInterface - Executing task do_Method_LineTable took: 0.001978secs
[2015-01-08 21:11:16:992] JdwpDebugServer - Command: n(6 1) id = 213 length = 16
[2015-01-08 21:11:16:993] DebugEventProcessor - Executing task do_Method_LineTable, state: eStateStopped
[2015-01-08 21:11:16:994] LldbVmInterface - Executing task do_Method_LineTable took: 0.001784secs
[2015-01-08 21:11:16:994] JdwpDebugServer - Command: n(6 1) id = 214 length = 16
[2015-01-08 21:11:16:996] DebugEventProcessor - Executing task do_Method_LineTable, state: eStateStopped
[2015-01-08 21:11:16:996] LldbVmInterface - Executing task do_Method_LineTable took: 0.001834secs
[2015-01-08 21:11:16:996] JdwpDebugServer - Command: n(6 1) id = 215 length = 16
[2015-01-08 21:11:16:998] DebugEventProcessor - Executing task do_Method_LineTable, state: eStateStopped
[2015-01-08 21:11:16:998] LldbVmInterface - Executing task do_Method_LineTable took: 0.001921secs
[2015-01-08 21:11:16:999] JdwpDebugServer - Command: G(2 15) id = 216 length = 8
[2015-01-08 21:11:17:001] DebugEventProcessor - Executing task do_ReferenceType_MethodsWithGeneric, state: eStateStopped
[2015-01-08 21:11:17:002] LldbVmInterface - Executing task do_ReferenceType_MethodsWithGeneric took: 0.003436secs
[2015-01-08 21:11:17:003] JdwpDebugServer - Command: n(6 1) id = 217 length = 16
[2015-01-08 21:11:17:005] DebugEventProcessor - Executing task do_Method_LineTable, state: eStateStopped
[2015-01-08 21:11:17:005] LldbVmInterface - Executing task do_Method_LineTable took: 0.002444secs
[2015-01-08 21:11:17:006] JdwpDebugServer - Command: n(6 1) id = 218 length = 16
[2015-01-08 21:11:17:008] DebugEventProcessor - Executing task do_Method_LineTable, state: eStateStopped
[2015-01-08 21:11:17:008] LldbVmInterface - Executing task do_Method_LineTable took: 0.001905secs
[2015-01-08 21:11:17:008] JdwpDebugServer - Command: G(2 15) id = 219 length = 8
[2015-01-08 21:11:17:010] DebugEventProcessor - Executing task do_ReferenceType_MethodsWithGeneric, state: eStateStopped
[2015-01-08 21:11:17:011] LldbVmInterface - Executing task do_ReferenceType_MethodsWithGeneric took: 0.003032secs
[2015-01-08 21:11:17:012] JdwpDebugServer - Command: n(6 1) id = 220 length = 16
[2015-01-08 21:11:17:014] DebugEventProcessor - Executing task do_Method_LineTable, state: eStateStopped
[2015-01-08 21:11:17:014] LldbVmInterface - Executing task do_Method_LineTable took: 0.002452secs
[2015-01-08 21:11:17:015] JdwpDebugServer - Command: n(6 1) id = 221 length = 16
[2015-01-08 21:11:17:017] DebugEventProcessor - Executing task do_Method_LineTable, state: eStateStopped
[2015-01-08 21:11:17:017] LldbVmInterface - Executing task do_Method_LineTable took: 0.001919secs
[2015-01-08 21:11:17:017] JdwpDebugServer - Command: G(2 15) id = 222 length = 8
[2015-01-08 21:11:17:019] DebugEventProcessor - Executing task do_ReferenceType_MethodsWithGeneric, state: eStateStopped
[2015-01-08 21:11:17:020] LldbVmInterface - Executing task do_ReferenceType_MethodsWithGeneric took: 0.002856secs
[2015-01-08 21:11:17:021] JdwpDebugServer - Command: n(6 1) id = 223 length = 16
[2015-01-08 21:11:17:023] DebugEventProcessor - Executing task do_Method_LineTable, state: eStateStopped
[2015-01-08 21:11:17:023] LldbVmInterface - Executing task do_Method_LineTable took: 0.002545secs
[2015-01-08 21:11:17:024] JdwpDebugServer - Command: n(6 1) id = 224 length = 16
[2015-01-08 21:11:17:026] DebugEventProcessor - Executing task do_Method_LineTable, state: eStateStopped
[2015-01-08 21:11:17:026] LldbVmInterface - Executing task do_Method_LineTable took: 0.001928secs
[2015-01-08 21:11:17:026] JdwpDebugServer - Command: G(2 15) id = 225 length = 8
[2015-01-08 21:11:17:028] DebugEventProcessor - Executing task do_ReferenceType_MethodsWithGeneric, state: eStateStopped
[2015-01-08 21:11:17:029] LldbVmInterface - Executing task do_ReferenceType_MethodsWithGeneric took: 0.003013secs
[2015-01-08 21:11:17:030] JdwpDebugServer - Command: n(6 1) id = 226 length = 16
[2015-01-08 21:11:17:031] DebugEventProcessor - Executing task do_Method_LineTable, state: eStateStopped
[2015-01-08 21:11:17:032] LldbVmInterface - Executing task do_Method_LineTable took: 0.002244secs
[2015-01-08 21:11:17:033] JdwpDebugServer - Command: n(6 1) id = 227 length = 16
[2015-01-08 21:11:17:035] DebugEventProcessor - Executing task do_Method_LineTable, state: eStateStopped
[2015-01-08 21:11:17:035] LldbVmInterface - Executing task do_Method_LineTable took: 0.001967secs
[2015-01-08 21:11:17:035] JdwpDebugServer - Command: G(2 15) id = 228 length = 8
[2015-01-08 21:11:17:037] DebugEventProcessor - Executing task do_ReferenceType_MethodsWithGeneric, state: eStateStopped
[2015-01-08 21:11:17:038] LldbVmInterface - Executing task do_ReferenceType_MethodsWithGeneric took: 0.002454secs
[2015-01-08 21:11:17:038] JdwpDebugServer - Command: n(6 1) id = 229 length = 16
[2015-01-08 21:11:17:040] DebugEventProcessor - Executing task do_Method_LineTable, state: eStateStopped
[2015-01-08 21:11:17:041] LldbVmInterface - Executing task do_Method_LineTable took: 0.002431secs
[2015-01-08 21:11:17:041] JdwpDebugServer - Command: n(6 1) id = 230 length = 16
[2015-01-08 21:11:17:043] DebugEventProcessor - Executing task do_Method_LineTable, state: eStateStopped
[2015-01-08 21:11:17:043] LldbVmInterface - Executing task do_Method_LineTable took: 0.001673secs
[2015-01-08 21:11:17:044] JdwpDebugServer - Command: G(2 15) id = 231 length = 8
[2015-01-08 21:11:17:046] DebugEventProcessor - Executing task do_ReferenceType_MethodsWithGeneric, state: eStateStopped
[2015-01-08 21:11:17:047] LldbVmInterface - Executing task do_ReferenceType_MethodsWithGeneric took: 0.003021secs
[2015-01-08 21:11:17:047] JdwpDebugServer - Command: n(6 1) id = 232 length = 16
[2015-01-08 21:11:17:049] DebugEventProcessor - Executing task do_Method_LineTable, state: eStateStopped
[2015-01-08 21:11:17:050] LldbVmInterface - Executing task do_Method_LineTable took: 0.002382secs
[2015-01-08 21:11:17:050] JdwpDebugServer - Command: n(6 1) id = 233 length = 16
[2015-01-08 21:11:17:052] DebugEventProcessor - Executing task do_Method_LineTable, state: eStateStopped
[2015-01-08 21:11:17:052] LldbVmInterface - Executing task do_Method_LineTable took: 0.001821secs
[2015-01-08 21:11:17:053] JdwpDebugServer - Command: G(2 15) id = 234 length = 8
[2015-01-08 21:11:17:055] DebugEventProcessor - Executing task do_ReferenceType_MethodsWithGeneric, state: eStateStopped
[2015-01-08 21:11:17:056] LldbVmInterface - Executing task do_ReferenceType_MethodsWithGeneric took: 0.002679secs
[2015-01-08 21:11:17:056] JdwpDebugServer - Command: n(6 1) id = 235 length = 16
[2015-01-08 21:11:17:058] DebugEventProcessor - Executing task do_Method_LineTable, state: eStateStopped
[2015-01-08 21:11:17:059] LldbVmInterface - Executing task do_Method_LineTable took: 0.00236secs
[2015-01-08 21:11:17:059] JdwpDebugServer - Command: n(6 1) id = 236 length = 16
[2015-01-08 21:11:17:061] DebugEventProcessor - Executing task do_Method_LineTable, state: eStateStopped
[2015-01-08 21:11:17:061] LldbVmInterface - Executing task do_Method_LineTable took: 0.001879secs
[2015-01-08 21:11:17:062] JdwpDebugServer - Command: G(2 15) id = 237 length = 8
[2015-01-08 21:11:17:063] DebugEventProcessor - Executing task do_ReferenceType_MethodsWithGeneric, state: eStateStopped
[2015-01-08 21:11:17:064] LldbVmInterface - Executing task do_ReferenceType_MethodsWithGeneric took: 0.002721secs
[2015-01-08 21:11:17:065] JdwpDebugServer - Command: n(6 1) id = 238 length = 16
[2015-01-08 21:11:17:067] DebugEventProcessor - Executing task do_Method_LineTable, state: eStateStopped
[2015-01-08 21:11:17:067] LldbVmInterface - Executing task do_Method_LineTable took: 0.002327secs
[2015-01-08 21:11:17:068] JdwpDebugServer - Command: n(6 1) id = 239 length = 16
[2015-01-08 21:11:17:070] DebugEventProcessor - Executing task do_Method_LineTable, state: eStateStopped
[2015-01-08 21:11:17:070] LldbVmInterface - Executing task do_Method_LineTable took: 0.001908secs
[2015-01-08 21:11:17:070] JdwpDebugServer - Command: G(2 15) id = 240 length = 8
[2015-01-08 21:11:17:072] DebugEventProcessor - Executing task do_ReferenceType_MethodsWithGeneric, state: eStateStopped
[2015-01-08 21:11:17:073] LldbVmInterface - Executing task do_ReferenceType_MethodsWithGeneric took: 0.002124secs
[2015-01-08 21:11:17:073] JdwpDebugServer - Command: n(6 1) id = 241 length = 16
[2015-01-08 21:11:17:075] DebugEventProcessor - Executing task do_Method_LineTable, state: eStateStopped
[2015-01-08 21:11:17:075] LldbVmInterface - Executing task do_Method_LineTable took: 0.002197secs
[2015-01-08 21:11:17:076] JdwpDebugServer - Command: n(6 1) id = 242 length = 16
[2015-01-08 21:11:17:078] DebugEventProcessor - Executing task do_Method_LineTable, state: eStateStopped
[2015-01-08 21:11:17:078] LldbVmInterface - Executing task do_Method_LineTable took: 0.001637secs
[2015-01-08 21:11:17:078] JdwpDebugServer - Command: G(2 15) id = 243 length = 8
[2015-01-08 21:11:17:080] DebugEventProcessor - Executing task do_ReferenceType_MethodsWithGeneric, state: eStateStopped
[2015-01-08 21:11:17:081] LldbVmInterface - Executing task do_ReferenceType_MethodsWithGeneric took: 0.002784secs
[2015-01-08 21:11:17:082] JdwpDebugServer - Command: n(6 1) id = 244 length = 16
[2015-01-08 21:11:17:084] DebugEventProcessor - Executing task do_Method_LineTable, state: eStateStopped
[2015-01-08 21:11:17:084] LldbVmInterface - Executing task do_Method_LineTable took: 0.002361secs
[2015-01-08 21:11:17:085] JdwpDebugServer - Command: n(6 1) id = 245 length = 16
[2015-01-08 21:11:17:087] DebugEventProcessor - Executing task do_Method_LineTable, state: eStateStopped
[2015-01-08 21:11:17:087] LldbVmInterface - Executing task do_Method_LineTable took: 0.00198secs
[2015-01-08 21:11:17:087] JdwpDebugServer - Command: G(2 15) id = 246 length = 8
[2015-01-08 21:11:17:089] DebugEventProcessor - Executing task do_ReferenceType_MethodsWithGeneric, state: eStateStopped
[2015-01-08 21:11:17:090] LldbVmInterface - Executing task do_ReferenceType_MethodsWithGeneric took: 0.00252secs
[2015-01-08 21:11:17:090] JdwpDebugServer - Command: n(6 1) id = 247 length = 16
[2015-01-08 21:11:17:092] DebugEventProcessor - Executing task do_Method_LineTable, state: eStateStopped
[2015-01-08 21:11:17:093] LldbVmInterface - Executing task do_Method_LineTable took: 0.002268secs
[2015-01-08 21:11:17:093] JdwpDebugServer - Command: n(6 1) id = 248 length = 16
[2015-01-08 21:11:17:095] DebugEventProcessor - Executing task do_Method_LineTable, state: eStateStopped
[2015-01-08 21:11:17:095] LldbVmInterface - Executing task do_Method_LineTable took: 0.001803secs
[2015-01-08 21:11:17:096] JdwpDebugServer - Command: G(2 15) id = 249 length = 8
[2015-01-08 21:11:17:097] DebugEventProcessor - Executing task do_ReferenceType_MethodsWithGeneric, state: eStateStopped
[2015-01-08 21:11:17:098] LldbVmInterface - Executing task do_ReferenceType_MethodsWithGeneric took: 0.002528secs
[2015-01-08 21:11:17:099] JdwpDebugServer - Command: n(6 1) id = 250 length = 16
[2015-01-08 21:11:17:101] DebugEventProcessor - Executing task do_Method_LineTable, state: eStateStopped
[2015-01-08 21:11:17:101] LldbVmInterface - Executing task do_Method_LineTable took: 0.002575secs
[2015-01-08 21:11:17:102] JdwpDebugServer - Command: n(6 1) id = 251 length = 16
[2015-01-08 21:11:17:104] DebugEventProcessor - Executing task do_Method_LineTable, state: eStateStopped
[2015-01-08 21:11:17:104] LldbVmInterface - Executing task do_Method_LineTable took: 0.001923secs
[2015-01-08 21:11:17:104] JdwpDebugServer - Command: G(2 15) id = 252 length = 8
[2015-01-08 21:11:17:106] DebugEventProcessor - Executing task do_ReferenceType_MethodsWithGeneric, state: eStateStopped
[2015-01-08 21:11:17:107] LldbVmInterface - Executing task do_ReferenceType_MethodsWithGeneric took: 0.002688secs
[2015-01-08 21:11:17:107] JdwpDebugServer - Command: n(6 1) id = 253 length = 16
[2015-01-08 21:11:17:109] DebugEventProcessor - Executing task do_Method_LineTable, state: eStateStopped
[2015-01-08 21:11:17:110] LldbVmInterface - Executing task do_Method_LineTable took: 0.002448secs
[2015-01-08 21:11:17:110] JdwpDebugServer - Command: n(6 1) id = 254 length = 16
[2015-01-08 21:11:17:112] DebugEventProcessor - Executing task do_Method_LineTable, state: eStateStopped
[2015-01-08 21:11:17:112] LldbVmInterface - Executing task do_Method_LineTable took: 0.001949secs
[2015-01-08 21:11:17:167] DebugLaunchPlugin - Waiting for the debugger to settle...
[2015-01-08 21:11:17:369] DebugLaunchPlugin - Waiting for the debugger to settle...
[2015-01-08 21:11:17:569] DebugLaunchPlugin - Waiting for the debugger to settle...
[2015-01-08 21:11:17:771] DebugLaunchPlugin - Waiting for the debugger to settle...
[2015-01-08 21:11:17:972] DebugLaunchPlugin - Waiting for the debugger to settle...
[2015-01-08 21:11:18:173] DebugLaunchPlugin - Waiting for the debugger to settle...
[2015-01-08 21:11:18:373] DebugLaunchPlugin - Waiting for the debugger to settle...
[2015-01-08 21:11:18:574] DebugLaunchPlugin - Waiting for the debugger to settle...
[2015-01-08 21:11:18:775] DebugLaunchPlugin - Debugger has settled. Resuming inferior.
[2015-01-08 21:11:18:778] DebugEventProcessor - resume vote from [LldbVmInterface resume]
[2015-01-08 21:11:18:779] DebugEventProcessor - vote results: suspension=0 [], resume=1 [LldbVmInterface resume]
[2015-01-08 21:11:18:779] DebugEventProcessor - resume won, resuming process, state: eStateStopped
[2015-01-08 21:11:18:782] DebugEventProcessor - Running
[2015-01-08 21:11:18:782] JavaThreadObserver - thread states: main=running(0), ReferenceQueueDaemon=running(0), FinalizerDaemon=running(0), FinalizerWatchdogDaemon=running(0), 
[2015-01-08 21:11:45:842] DebugEventProcessor - resume vote from [Signal resume]
[2015-01-08 21:11:45:843] DebugEventProcessor - Stopped null (null:0), reason: eStopReasonSignal, interrupted: false
[2015-01-08 21:11:45:956] DebugEventProcessor - stop reason data=15
Stacktrace: (70 frames in total, displaying the first 20)
null, null:0
null, null:0
gldRenderFillTriangles, null:0
null, null:0
glDrawElements_IMM_ES2Exec, null:0
glDrawElements, null:0
Java_com_badlogic_gdx_backends_iosrobovm_IOSGLES20_glDrawElements__IIILjava_nio_Buffer_2, null:0
[J]com.badlogic.gdx.backends.iosrobovm.IOSGLES20.glDrawElements(IIILjava/nio/Buffer;)V, IOSGLES20.java:1
[j]com.badlogic.gdx.graphics.GL20.glDrawElements(IIILjava/nio/Buffer;)V[Invokeinterface(com/badlogic/gdx/graphics/Mesh)], Mesh.java:1
[J]com.badlogic.gdx.graphics.Mesh.render(Lcom/badlogic/gdx/graphics/glutils/ShaderProgram;IIIZ)V, Mesh.java:562
[j]com.badlogic.gdx.graphics.Mesh.render(Lcom/badlogic/gdx/graphics/glutils/ShaderProgram;IIIZ)V[Invokevirtual(com/badlogic/gdx/graphics/Mesh,com/badlogic/gdx/graphics/Mesh)], Mesh.java:1
[J]com.badlogic.gdx.graphics.Mesh.render(Lcom/badlogic/gdx/graphics/glutils/ShaderProgram;III)V, Mesh.java:523
[j]com.badlogic.gdx.graphics.Mesh.render(Lcom/badlogic/gdx/graphics/glutils/ShaderProgram;III)V[Invokevirtual(com/badlogic/gdx/graphics/g2d/SpriteBatch,com/badlogic/gdx/graphics/Mesh)], SpriteBatch.java:1
[J]com.badlogic.gdx.graphics.g2d.SpriteBatch.flush()V, SpriteBatch.java:968
[j]com.badlogic.gdx.graphics.g2d.SpriteBatch.flush()V[Invokevirtual(com/badlogic/gdx/graphics/g2d/SpriteBatch,com/badlogic/gdx/graphics/g2d/SpriteBatch)], SpriteBatch.java:1
[J]com.badlogic.gdx.graphics.g2d.SpriteBatch.switchTexture(Lcom/badlogic/gdx/graphics/Texture;)V, SpriteBatch.java:1047
[j]com.badlogic.gdx.graphics.g2d.SpriteBatch.switchTexture(Lcom/badlogic/gdx/graphics/Texture;)V[Invokevirtual(com/badlogic/gdx/graphics/g2d/SpriteBatch,com/badlogic/gdx/graphics/g2d/SpriteBatch)], SpriteBatch.java:1
[J]com.badlogic.gdx.graphics.g2d.SpriteBatch.draw(Lcom/badlogic/gdx/graphics/Texture;[FII)V, SpriteBatch.java:558
[j]com.badlogic.gdx.graphics.g2d.Batch.draw(Lcom/badlogic/gdx/graphics/Texture;[FII)V[Invokeinterface(com/badlogic/gdx/graphics/g2d/Sprite)], Sprite.java:1
[J]com.badlogic.gdx.graphics.g2d.Sprite.draw(Lcom/badlogic/gdx/graphics/g2d/Batch;)V, Sprite.java:515

[2015-01-08 21:11:45:956] DebugEventProcessor - #stop reasons != none: 1
[2015-01-08 21:11:45:967] DebugEventProcessor - vote results: suspension=0 [], resume=1 [Signal resume]
[2015-01-08 21:11:45:967] DebugEventProcessor - resume won, resuming process, state: eStateStopped
[2015-01-08 21:11:45:971] DebugEventProcessor - Running
[2015-01-08 21:11:45:972] JavaThreadObserver - thread states: main=running(0), ReferenceQueueDaemon=running(0), FinalizerDaemon=running(0), FinalizerWatchdogDaemon=running(0), 
[2015-01-08 21:11:45:988] DebugEventProcessor - Exited
[2015-01-08 21:11:45:988] JdwpEventProcessor - processing vm death event
[2015-01-08 21:11:45:989] DebugEventProcessor - event processor thread exiting
[2015-01-08 21:11:46:054] DebugLaunchPlugin - Shutting down JDWP server
[2015-01-08 21:11:47:322] Debugger - Debugger destroyed
